<?xml version="1.0" encoding="UTF-8" ?>
<testsuite tests="7" failures="0" name="com.tntautomation.test_pyramid_strategy.airport.PassengerTest" time="0.055" errors="0" skipped="0">
  <properties>
[...]
</properties>
  <testcase classname="com.tntautomation.test_pyramid_strategy.airport.PassengerTest" name="com.tntautomation.test_pyramid_strategy.airport.PassengerTest.testPassengerCreation" time="0.041"/>
  <testcase classname="com.tntautomation.test_pyramid_strategy.airport.PassengerTest" name="com.tntautomation.test_pyramid_strategy.airport.PassengerTest.testSetValidCountryCode" time="0.007"/>
  <testcase classname="com.tntautomation.test_pyramid_strategy.airport.PassengerTest" name="com.tntautomation.test_pyramid_strategy.airport.PassengerTest.testPassengerToString" time="0.003"/>
  <testcase classname="com.tntautomation.test_pyramid_strategy.airport.PassengerTest" name="com.tntautomation.test_pyramid_strategy.airport.PassengerTest.testSetInvalidSsn" time="0.003"/>
  <testcase classname="com.tntautomation.test_pyramid_strategy.airport.PassengerTest" name="com.tntautomation.test_pyramid_strategy.airport.PassengerTest.testInvalidSsn" time="0.001"/>
  <testcase classname="com.tntautomation.test_pyramid_strategy.airport.PassengerTest" name="com.tntautomation.test_pyramid_strategy.airport.PassengerTest.testSetValidSsn" time="0"/>
  <testcase classname="com.tntautomation.test_pyramid_strategy.airport.PassengerTest" name="com.tntautomation.test_pyramid_strategy.airport.PassengerTest.testSetInvalidCountryCode" time="0"/>
</testsuite>